Arguments: 
  /Users/cheston.lee/.nvm/versions/node/v9.10.1/bin/node /usr/local/Cellar/yarn/1.7.0/libexec/bin/yarn.js add ligthouse

PATH: 
  /Users/cheston.lee/.rvm/gems/ruby-2.4.1/bin:/Users/cheston.lee/.rvm/gems/ruby-2.4.1@global/bin:/Users/cheston.lee/.rvm/rubies/ruby-2.4.1/bin:/Users/cheston.lee/.nvm/versions/node/v9.10.1/bin:/usr/local/bin:/usr/bin:/bin:/usr/sbin:/sbin:/Users/cheston.lee/.rvm/bin:/Users/cheston.lee/go/bin

Yarn version: 
  1.7.0

Node version: 
  9.10.1

Platform: 
  darwin x64

Trace: 
  Error: https://registry.yarnpkg.com/ligthouse: Not found
      at Request.params.callback [as _callback] (/usr/local/Cellar/yarn/1.7.0/libexec/lib/cli.js:65656:18)
      at Request.self.callback (/usr/local/Cellar/yarn/1.7.0/libexec/lib/cli.js:134675:22)
      at Request.emit (events.js:180:13)
      at Request.<anonymous> (/usr/local/Cellar/yarn/1.7.0/libexec/lib/cli.js:135658:10)
      at Request.emit (events.js:180:13)
      at IncomingMessage.<anonymous> (/usr/local/Cellar/yarn/1.7.0/libexec/lib/cli.js:135578:12)
      at Object.onceWrapper (events.js:272:13)
      at IncomingMessage.emit (events.js:185:15)
      at endReadableNT (_stream_readable.js:1106:12)
      at process._tickCallback (internal/process/next_tick.js:114:19)

npm manifest: 
  {
    "name": "greenlight",
    "version": "1.0.0",
    "description": "",
    "main": "index.js",
    "scripts": {
      "test": "echo \"Error: no test specified\" && exit 1"
    },
    "author": "",
    "license": "ISC"
  }

yarn manifest: 
  No manifest

Lockfile: 
  No lockfile
